#
# There is insufficient memory for the Java Runtime Environment to continue.
# Native memory allocation (malloc) failed to allocate 1785712 bytes for Chunk::new
# Possible reasons:
#   The system is out of physical RAM or swap space
#   The process is running with CompressedOops enabled, and the Java Heap may be blocking the growth of the native heap
# Possible solutions:
#   Reduce memory load on the system
#   Increase physical memory or swap space
#   Check if swap backing store is full
#   Decrease Java heap size (-Xmx/-Xms)
#   Decrease number of Java threads
#   Decrease Java thread stack sizes (-Xss)
#   Set larger code cache with -XX:ReservedCodeCacheSize=
#   JVM is running with Unscaled Compressed Oops mode in which the Java heap is
#     placed in the first 4GB address space. The Java Heap base address is the
#     maximum limit for the native heap growth. Please use -XX:HeapBaseMinAddress
#     to set the Java Heap base and to place the Java Heap above 4GB virtual address.
# This output file may be truncated or incomplete.
#
#  Out of Memory Error (arena.cpp:189), pid=22684, tid=31676
#
# JRE version: Java(TM) SE Runtime Environment (17.0.12+8) (build 17.0.12+8-LTS-286)
# Java VM: Java HotSpot(TM) 64-Bit Server VM (17.0.12+8-LTS-286, mixed mode, sharing, tiered, compressed oops, compressed class ptrs, g1 gc, windows-amd64)
# No core dump will be written. Minidumps are not enabled by default on client versions of Windows
#

---------------  S U M M A R Y ------------

Command Line: -Dfile.encoding=UTF-8 -Dstdout.encoding=UTF-8 -Dstderr.encoding=UTF-8 -XX:+ShowCodeDetailsInExceptionMessages com.example.Assignment_Spring_Boot.AssignmentSpringBootApplication

Host: AMD Ryzen 3 7320U with Radeon Graphics         , 8 cores, 7G,  Windows 11 , 64 bit Build 26100 (10.0.26100.7309)
Time: Thu Jan 15 12:41:16 2026 India Standard Time elapsed time: 1.625601 seconds (0d 0h 0m 1s)

---------------  T H R E A D  ---------------

Current thread (0x0000024f63e3f040):  JavaThread "C2 CompilerThread0" daemon [_thread_in_native, id=31676, stack(0x0000007d1ff00000,0x0000007d20000000)]


Current CompileTask:
C2:   1626 1579       4       jdk.internal.org.objectweb.asm.Frame::execute (2305 bytes)

Stack: [0x0000007d1ff00000,0x0000007d20000000]
Native frames: (J=compiled Java code, j=interpreted, Vv=VM code, C=native code)
V  [jvm.dll+0x67a04a]
V  [jvm.dll+0x7da4ed]
V  [jvm.dll+0x7dbe33]
V  [jvm.dll+0x7dc4a3]
V  [jvm.dll+0x24508f]
V  [jvm.dll+0xab773]
V  [jvm.dll+0xabd3c]
V  [jvm.dll+0x361bee]
V  [jvm.dll+0x32c431]
V  [jvm.dll+0x32b8ca]
V  [jvm.dll+0x21683f]
V  [jvm.dll+0x215c6f]
V  [jvm.dll+0x1a2960]
V  [jvm.dll+0x22610b]
V  [jvm.dll+0x2242ab]
V  [jvm.dll+0x79075c]
V  [jvm.dll+0x78abea]
V  [jvm.dll+0x678f35]
C  [ucrtbase.dll+0x37b0]
C  [KERNEL32.DLL+0x2e8d7]
C  [ntdll.dll+0x8c53c]


---------------  P R O C E S S  ---------------

Threads class SMR info:
_java_thread_list=0x0000024f68aa3810, length=14, elements={
0x0000024f462f2e60, 0x0000024f63e1a540, 0x0000024f63e1cf10, 0x0000024f63e2fd30,
0x0000024f63e30600, 0x0000024f63e30fc0, 0x0000024f63e39d90, 0x0000024f63e3f040,
0x0000024f63e60b10, 0x0000024f63e69ce0, 0x0000024f680ea600, 0x0000024f680f6d70,
0x0000024f68176030, 0x0000024f68db3a00
}

Java Threads: ( => current thread )
  0x0000024f462f2e60 JavaThread "main" [_thread_in_vm, id=15612, stack(0x0000007d1f200000,0x0000007d1f300000)]
  0x0000024f63e1a540 JavaThread "Reference Handler" daemon [_thread_blocked, id=12340, stack(0x0000007d1f900000,0x0000007d1fa00000)]
  0x0000024f63e1cf10 JavaThread "Finalizer" daemon [_thread_blocked, id=8376, stack(0x0000007d1fa00000,0x0000007d1fb00000)]
  0x0000024f63e2fd30 JavaThread "Signal Dispatcher" daemon [_thread_blocked, id=25016, stack(0x0000007d1fb00000,0x0000007d1fc00000)]
  0x0000024f63e30600 JavaThread "Attach Listener" daemon [_thread_blocked, id=30660, stack(0x0000007d1fc00000,0x0000007d1fd00000)]
  0x0000024f63e30fc0 JavaThread "Service Thread" daemon [_thread_blocked, id=13556, stack(0x0000007d1fd00000,0x0000007d1fe00000)]
  0x0000024f63e39d90 JavaThread "Monitor Deflation Thread" daemon [_thread_blocked, id=9912, stack(0x0000007d1fe00000,0x0000007d1ff00000)]
=>0x0000024f63e3f040 JavaThread "C2 CompilerThread0" daemon [_thread_in_native, id=31676, stack(0x0000007d1ff00000,0x0000007d20000000)]
  0x0000024f63e60b10 JavaThread "C1 CompilerThread0" daemon [_thread_blocked, id=16692, stack(0x0000007d20000000,0x0000007d20100000)]
  0x0000024f63e69ce0 JavaThread "Sweeper thread" daemon [_thread_blocked, id=25952, stack(0x0000007d20100000,0x0000007d20200000)]
  0x0000024f680ea600 JavaThread "Notification Thread" daemon [_thread_blocked, id=20580, stack(0x0000007d20200000,0x0000007d20300000)]
  0x0000024f680f6d70 JavaThread "Common-Cleaner" daemon [_thread_blocked, id=32792, stack(0x0000007d20400000,0x0000007d20500000)]
  0x0000024f68176030 JavaThread "C2 CompilerThread1" daemon [_thread_blocked, id=26264, stack(0x0000007d20500000,0x0000007d20600000)]
  0x0000024f68db3a00 JavaThread "background-preinit" [_thread_in_native, id=14700, stack(0x0000007d20b00000,0x0000007d20c00000)]

Other Threads:
  0x0000024f63e16ba0 VMThread "VM Thread" [stack: 0x0000007d1f800000,0x0000007d1f900000] [id=8544]
  0x0000024f4636bd20 WatcherThread [stack: 0x0000007d20300000,0x0000007d20400000] [id=30688]
  0x0000024f46348ef0 GCTaskThread "GC Thread#0" [stack: 0x0000007d1f300000,0x0000007d1f400000] [id=11120]
  0x0000024f689c1b00 GCTaskThread "GC Thread#1" [stack: 0x0000007d20600000,0x0000007d20700000] [id=25968]
  0x0000024f68aafb10 GCTaskThread "GC Thread#2" [stack: 0x0000007d20700000,0x0000007d20800000] [id=32744]
  0x0000024f68aafdd0 GCTaskThread "GC Thread#3" [stack: 0x0000007d20800000,0x0000007d20900000] [id=34736]
  0x0000024f68ae05a0 GCTaskThread "GC Thread#4" [stack: 0x0000007d20900000,0x0000007d20a00000] [id=20816]
  0x0000024f68ae0860 GCTaskThread "GC Thread#5" [stack: 0x0000007d20a00000,0x0000007d20b00000] [id=6352]
  0x0000024f463588a0 ConcurrentGCThread "G1 Main Marker" [stack: 0x0000007d1f400000,0x0000007d1f500000] [id=24384]
  0x0000024f4635b470 ConcurrentGCThread "G1 Conc#0" [stack: 0x0000007d1f500000,0x0000007d1f600000] [id=34420]
  0x0000024f63cd20b0 ConcurrentGCThread "G1 Refine#0" [stack: 0x0000007d1f600000,0x0000007d1f700000] [id=25980]
  0x0000024f63cd2880 ConcurrentGCThread "G1 Service" [stack: 0x0000007d1f700000,0x0000007d1f800000] [id=32848]

Threads with active compile tasks:
C2 CompilerThread0     1702 1579       4       jdk.internal.org.objectweb.asm.Frame::execute (2305 bytes)

VM state: not at safepoint (normal execution)

VM Mutex/Monitor currently owned by a thread: None

Heap address: 0x000000008b800000, size: 1864 MB, Compressed Oops mode: 32-bit

CDS archive(s) mapped at: [0x0000024f00000000-0x0000024f00bd0000-0x0000024f00bd0000), size 12386304, SharedBaseAddress: 0x0000024f00000000, ArchiveRelocationMode: 1.
Compressed class space mapped at: 0x0000024f01000000-0x0000024f41000000, reserved size: 1073741824
Narrow klass base: 0x0000024f00000000, Narrow klass shift: 0, Narrow klass range: 0x100000000

GC Precious Log:
 CPUs: 8 total, 8 available
 Memory: 7455M
 Large Page Support: Disabled
 NUMA Support: Disabled
 Compressed Oops: Enabled (32-bit)
 Heap Region Size: 1M
 Heap Min Capacity: 8M
 Heap Initial Capacity: 118M
 Heap Max Capacity: 1864M
 Pre-touch: Disabled
 Parallel Workers: 8
 Concurrent Workers: 2
 Concurrent Refinement Workers: 8
 Periodic GC: Disabled

Heap:
 garbage-first heap   total 120832K, used 22880K [0x000000008b800000, 0x0000000100000000)
  region size 1024K, 23 young (23552K), 3 survivors (3072K)
 Metaspace       used 11569K, committed 11904K, reserved 1114112K
  class space    used 1437K, committed 1600K, reserved 1048576K

Heap Regions: E=young(eden), S=young(survivor), O=old, HS=humongous(starts), HC=humongous(continues), CS=collection set, F=free, OA=open archive, CA=closed archive, TAMS=top-at-mark-start (previous, next)
|   0|0x000000008b800000, 0x000000008b900000, 0x000000008b900000|100%| O|  |TAMS 0x000000008b800000, 0x000000008b800000| Untracked 
|   1|0x000000008b900000, 0x000000008b958000, 0x000000008ba00000| 34%| O|  |TAMS 0x000000008b900000, 0x000000008b900000| Untracked 
|   2|0x000000008ba00000, 0x000000008ba00000, 0x000000008bb00000|  0%| F|  |TAMS 0x000000008ba00000, 0x000000008ba00000| Untracked 
|   3|0x000000008bb00000, 0x000000008bb00000, 0x000000008bc00000|  0%| F|  |TAMS 0x000000008bb00000, 0x000000008bb00000| Untracked 
|   4|0x000000008bc00000, 0x000000008bc00000, 0x000000008bd00000|  0%| F|  |TAMS 0x000000008bc00000, 0x000000008bc00000| Untracked 
|   5|0x000000008bd00000, 0x000000008bd00000, 0x000000008be00000|  0%| F|  |TAMS 0x000000008bd00000, 0x000000008bd00000| Untracked 
|   6|0x000000008be00000, 0x000000008be00000, 0x000000008bf00000|  0%| F|  |TAMS 0x000000008be00000, 0x000000008be00000| Untracked 
|   7|0x000000008bf00000, 0x000000008bf00000, 0x000000008c000000|  0%| F|  |TAMS 0x000000008bf00000, 0x000000008bf00000| Untracked 
|   8|0x000000008c000000, 0x000000008c000000, 0x000000008c100000|  0%| F|  |TAMS 0x000000008c000000, 0x000000008c000000| Untracked 
|   9|0x000000008c100000, 0x000000008c100000, 0x000000008c200000|  0%| F|  |TAMS 0x000000008c100000, 0x000000008c100000| Untracked 
|  10|0x000000008c200000, 0x000000008c200000, 0x000000008c300000|  0%| F|  |TAMS 0x000000008c200000, 0x000000008c200000| Untracked 
|  11|0x000000008c300000, 0x000000008c300000, 0x000000008c400000|  0%| F|  |TAMS 0x000000008c300000, 0x000000008c300000| Untracked 
|  12|0x000000008c400000, 0x000000008c400000, 0x000000008c500000|  0%| F|  |TAMS 0x000000008c400000, 0x000000008c400000| Untracked 
|  13|0x000000008c500000, 0x000000008c500000, 0x000000008c600000|  0%| F|  |TAMS 0x000000008c500000, 0x000000008c500000| Untracked 
|  14|0x000000008c600000, 0x000000008c600000, 0x000000008c700000|  0%| F|  |TAMS 0x000000008c600000, 0x000000008c600000| Untracked 
|  15|0x000000008c700000, 0x000000008c700000, 0x000000008c800000|  0%| F|  |TAMS 0x000000008c700000, 0x000000008c700000| Untracked 
|  16|0x000000008c800000, 0x000000008c800000, 0x000000008c900000|  0%| F|  |TAMS 0x000000008c800000, 0x000000008c800000| Untracked 
|  17|0x000000008c900000, 0x000000008c900000, 0x000000008ca00000|  0%| F|  |TAMS 0x000000008c900000, 0x000000008c900000| Untracked 
|  18|0x000000008ca00000, 0x000000008ca00000, 0x000000008cb00000|  0%| F|  |TAMS 0x000000008ca00000, 0x000000008ca00000| Untracked 
|  19|0x000000008cb00000, 0x000000008cb00000, 0x000000008cc00000|  0%| F|  |TAMS 0x000000008cb00000, 0x000000008cb00000| Untracked 
|  20|0x000000008cc00000, 0x000000008cc00000, 0x000000008cd00000|  0%| F|  |TAMS 0x000000008cc00000, 0x000000008cc00000| Untracked 
|  21|0x000000008cd00000, 0x000000008cd00000, 0x000000008ce00000|  0%| F|  |TAMS 0x000000008cd00000, 0x000000008cd00000| Untracked 
|  22|0x000000008ce00000, 0x000000008ce00000, 0x000000008cf00000|  0%| F|  |TAMS 0x000000008ce00000, 0x000000008ce00000| Untracked 
|  23|0x000000008cf00000, 0x000000008cf00000, 0x000000008d000000|  0%| F|  |TAMS 0x000000008cf00000, 0x000000008cf00000| Untracked 
|  24|0x000000008d000000, 0x000000008d000000, 0x000000008d100000|  0%| F|  |TAMS 0x000000008d000000, 0x000000008d000000| Untracked 
|  25|0x000000008d100000, 0x000000008d100000, 0x000000008d200000|  0%| F|  |TAMS 0x000000008d100000, 0x000000008d100000| Untracked 
|  26|0x000000008d200000, 0x000000008d200000, 0x000000008d300000|  0%| F|  |TAMS 0x000000008d200000, 0x000000008d200000| Untracked 
|  27|0x000000008d300000, 0x000000008d300000, 0x000000008d400000|  0%| F|  |TAMS 0x000000008d300000, 0x000000008d300000| Untracked 
|  28|0x000000008d400000, 0x000000008d400000, 0x000000008d500000|  0%| F|  |TAMS 0x000000008d400000, 0x000000008d400000| Untracked 
|  29|0x000000008d500000, 0x000000008d500000, 0x000000008d600000|  0%| F|  |TAMS 0x000000008d500000, 0x000000008d500000| Untracked 
|  30|0x000000008d600000, 0x000000008d600000, 0x000000008d700000|  0%| F|  |TAMS 0x000000008d600000, 0x000000008d600000| Untracked 
|  31|0x000000008d700000, 0x000000008d700000, 0x000000008d800000|  0%| F|  |TAMS 0x000000008d700000, 0x000000008d700000| Untracked 
|  32|0x000000008d800000, 0x000000008d800000, 0x000000008d900000|  0%| F|  |TAMS 0x000000008d800000, 0x000000008d800000| Untracked 
|  33|0x000000008d900000, 0x000000008d900000, 0x000000008da00000|  0%| F|  |TAMS 0x000000008d900000, 0x000000008d900000| Untracked 
|  34|0x000000008da00000, 0x000000008da00000, 0x000000008db00000|  0%| F|  |TAMS 0x000000008da00000, 0x000000008da00000| Untracked 
|  35|0x000000008db00000, 0x000000008db00000, 0x000000008dc00000|  0%| F|  |TAMS 0x000000008db00000, 0x000000008db00000| Untracked 
|  36|0x000000008dc00000, 0x000000008dc00000, 0x000000008dd00000|  0%| F|  |TAMS 0x000000008dc00000, 0x000000008dc00000| Untracked 
|  37|0x000000008dd00000, 0x000000008dd00000, 0x000000008de00000|  0%| F|  |TAMS 0x000000008dd00000, 0x000000008dd00000| Untracked 
|  38|0x000000008de00000, 0x000000008de00000, 0x000000008df00000|  0%| F|  |TAMS 0x000000008de00000, 0x000000008de00000| Untracked 
|  39|0x000000008df00000, 0x000000008df00000, 0x000000008e000000|  0%| F|  |TAMS 0x000000008df00000, 0x000000008df00000| Untracked 
|  40|0x000000008e000000, 0x000000008e000000, 0x000000008e100000|  0%| F|  |TAMS 0x000000008e000000, 0x000000008e000000| Untracked 
|  41|0x000000008e100000, 0x000000008e100000, 0x000000008e200000|  0%| F|  |TAMS 0x000000008e100000, 0x000000008e100000| Untracked 
|  42|0x000000008e200000, 0x000000008e200000, 0x000000008e300000|  0%| F|  |TAMS 0x000000008e200000, 0x000000008e200000| Untracked 
|  43|0x000000008e300000, 0x000000008e300000, 0x000000008e400000|  0%| F|  |TAMS 0x000000008e300000, 0x000000008e300000| Untracked 
|  44|0x000000008e400000, 0x000000008e400000, 0x000000008e500000|  0%| F|  |TAMS 0x000000008e400000, 0x000000008e400000| Untracked 
|  45|0x000000008e500000, 0x000000008e500000, 0x000000008e600000|  0%| F|  |TAMS 0x000000008e500000, 0x000000008e500000| Untracked 
|  46|0x000000008e600000, 0x000000008e600000, 0x000000008e700000|  0%| F|  |TAMS 0x000000008e600000, 0x000000008e600000| Untracked 
|  47|0x000000008e700000, 0x000000008e700000, 0x000000008e800000|  0%| F|  |TAMS 0x000000008e700000, 0x000000008e700000| Untracked 
|  48|0x000000008e800000, 0x000000008e800000, 0x000000008e900000|  0%| F|  |TAMS 0x000000008e800000, 0x000000008e800000| Untracked 
|  49|0x000000008e900000, 0x000000008e900000, 0x000000008ea00000|  0%| F|  |TAMS 0x000000008e900000, 0x000000008e900000| Untracked 
|  50|0x000000008ea00000, 0x000000008ea00000, 0x000000008eb00000|  0%| F|  |TAMS 0x000000008ea00000, 0x000000008ea00000| Untracked 
|  51|0x000000008eb00000, 0x000000008eb00000, 0x000000008ec00000|  0%| F|  |TAMS 0x000000008eb00000, 0x000000008eb00000| Untracked 
|  52|0x000000008ec00000, 0x000000008ec00000, 0x000000008ed00000|  0%| F|  |TAMS 0x000000008ec00000, 0x000000008ec00000| Untracked 
|  53|0x000000008ed00000, 0x000000008ed00000, 0x000000008ee00000|  0%| F|  |TAMS 0x000000008ed00000, 0x000000008ed00000| Untracked 
|  54|0x000000008ee00000, 0x000000008ee00000, 0x000000008ef00000|  0%| F|  |TAMS 0x000000008ee00000, 0x000000008ee00000| Untracked 
|  55|0x000000008ef00000, 0x000000008ef00000, 0x000000008f000000|  0%| F|  |TAMS 0x000000008ef00000, 0x000000008ef00000| Untracked 
|  56|0x000000008f000000, 0x000000008f000000, 0x000000008f100000|  0%| F|  |TAMS 0x000000008f000000, 0x000000008f000000| Untracked 
|  57|0x000000008f100000, 0x000000008f100000, 0x000000008f200000|  0%| F|  |TAMS 0x000000008f100000, 0x000000008f100000| Untracked 
|  58|0x000000008f200000, 0x000000008f200000, 0x000000008f300000|  0%| F|  |TAMS 0x000000008f200000, 0x000000008f200000| Untracked 
|  59|0x000000008f300000, 0x000000008f300000, 0x000000008f400000|  0%| F|  |TAMS 0x000000008f300000, 0x000000008f300000| Untracked 
|  60|0x000000008f400000, 0x000000008f400000, 0x000000008f500000|  0%| F|  |TAMS 0x000000008f400000, 0x000000008f400000| Untracked 
|  61|0x000000008f500000, 0x000000008f500000, 0x000000008f600000|  0%| F|  |TAMS 0x000000008f500000, 0x000000008f500000| Untracked 
|  62|0x000000008f600000, 0x000000008f600000, 0x000000008f700000|  0%| F|  |TAMS 0x000000008f600000, 0x000000008f600000| Untracked 
|  63|0x000000008f700000, 0x000000008f700000, 0x000000008f800000|  0%| F|  |TAMS 0x000000008f700000, 0x000000008f700000| Untracked 
|  64|0x000000008f800000, 0x000000008f800000, 0x000000008f900000|  0%| F|  |TAMS 0x000000008f800000, 0x000000008f800000| Untracked 
|  65|0x000000008f900000, 0x000000008f900000, 0x000000008fa00000|  0%| F|  |TAMS 0x000000008f900000, 0x000000008f900000| Untracked 
|  66|0x000000008fa00000, 0x000000008fa00000, 0x000000008fb00000|  0%| F|  |TAMS 0x000000008fa00000, 0x000000008fa00000| Untracked 
|  67|0x000000008fb00000, 0x000000008fb00000, 0x000000008fc00000|  0%| F|  |TAMS 0x000000008fb00000, 0x000000008fb00000| Untracked 
|  68|0x000000008fc00000, 0x000000008fc00000, 0x000000008fd00000|  0%| F|  |TAMS 0x000000008fc00000, 0x000000008fc00000| Untracked 
|  69|0x000000008fd00000, 0x000000008fd00000, 0x000000008fe00000|  0%| F|  |TAMS 0x000000008fd00000, 0x000000008fd00000| Untracked 
|  70|0x000000008fe00000, 0x000000008fe00000, 0x000000008ff00000|  0%| F|  |TAMS 0x000000008fe00000, 0x000000008fe00000| Untracked 
|  71|0x000000008ff00000, 0x000000008ff00000, 0x0000000090000000|  0%| F|  |TAMS 0x000000008ff00000, 0x000000008ff00000| Untracked 
|  72|0x0000000090000000, 0x0000000090000000, 0x0000000090100000|  0%| F|  |TAMS 0x0000000090000000, 0x0000000090000000| Untracked 
|  73|0x0000000090100000, 0x0000000090100000, 0x0000000090200000|  0%| F|  |TAMS 0x0000000090100000, 0x0000000090100000| Untracked 
|  74|0x0000000090200000, 0x0000000090200000, 0x0000000090300000|  0%| F|  |TAMS 0x0000000090200000, 0x0000000090200000| Untracked 
|  75|0x0000000090300000, 0x0000000090300000, 0x0000000090400000|  0%| F|  |TAMS 0x0000000090300000, 0x0000000090300000| Untracked 
|  76|0x0000000090400000, 0x0000000090400000, 0x0000000090500000|  0%| F|  |TAMS 0x0000000090400000, 0x0000000090400000| Untracked 
|  77|0x0000000090500000, 0x0000000090500000, 0x0000000090600000|  0%| F|  |TAMS 0x0000000090500000, 0x0000000090500000| Untracked 
|  78|0x0000000090600000, 0x0000000090600000, 0x0000000090700000|  0%| F|  |TAMS 0x0000000090600000, 0x0000000090600000| Untracked 
|  79|0x0000000090700000, 0x0000000090700000, 0x0000000090800000|  0%| F|  |TAMS 0x0000000090700000, 0x0000000090700000| Untracked 
|  80|0x0000000090800000, 0x0000000090800000, 0x0000000090900000|  0%| F|  |TAMS 0x0000000090800000, 0x0000000090800000| Untracked 
|  81|0x0000000090900000, 0x0000000090900000, 0x0000000090a00000|  0%| F|  |TAMS 0x0000000090900000, 0x0000000090900000| Untracked 
|  82|0x0000000090a00000, 0x0000000090a00000, 0x0000000090b00000|  0%| F|  |TAMS 0x0000000090a00000, 0x0000000090a00000| Untracked 
|  83|0x0000000090b00000, 0x0000000090b00000, 0x0000000090c00000|  0%| F|  |TAMS 0x0000000090b00000, 0x0000000090b00000| Untracked 
|  84|0x0000000090c00000, 0x0000000090c00000, 0x0000000090d00000|  0%| F|  |TAMS 0x0000000090c00000, 0x0000000090c00000| Untracked 
|  85|0x0000000090d00000, 0x0000000090d00000, 0x0000000090e00000|  0%| F|  |TAMS 0x0000000090d00000, 0x0000000090d00000| Untracked 
|  86|0x0000000090e00000, 0x0000000090e00000, 0x0000000090f00000|  0%| F|  |TAMS 0x0000000090e00000, 0x0000000090e00000| Untracked 
|  87|0x0000000090f00000, 0x0000000090f00000, 0x0000000091000000|  0%| F|  |TAMS 0x0000000090f00000, 0x0000000090f00000| Untracked 
|  88|0x0000000091000000, 0x0000000091000000, 0x0000000091100000|  0%| F|  |TAMS 0x0000000091000000, 0x0000000091000000| Untracked 
|  89|0x0000000091100000, 0x0000000091100000, 0x0000000091200000|  0%| F|  |TAMS 0x0000000091100000, 0x0000000091100000| Untracked 
|  90|0x0000000091200000, 0x0000000091200000, 0x0000000091300000|  0%| F|  |TAMS 0x0000000091200000, 0x0000000091200000| Untracked 
|  91|0x0000000091300000, 0x0000000091300000, 0x0000000091400000|  0%| F|  |TAMS 0x0000000091300000, 0x0000000091300000| Untracked 
|  92|0x0000000091400000, 0x0000000091500000, 0x0000000091500000|100%| S|CS|TAMS 0x0000000091400000, 0x0000000091400000| Complete 
|  93|0x0000000091500000, 0x0000000091600000, 0x0000000091600000|100%| S|CS|TAMS 0x0000000091500000, 0x0000000091500000| Complete 
|  94|0x0000000091600000, 0x0000000091700000, 0x0000000091700000|100%| S|CS|TAMS 0x0000000091600000, 0x0000000091600000| Complete 
|  95|0x0000000091700000, 0x0000000091700000, 0x0000000091800000|  0%| F|  |TAMS 0x0000000091700000, 0x0000000091700000| Untracked 
|  96|0x0000000091800000, 0x0000000091800000, 0x0000000091900000|  0%| F|  |TAMS 0x0000000091800000, 0x0000000091800000| Untracked 
|  97|0x0000000091900000, 0x0000000091900000, 0x0000000091a00000|  0%| F|  |TAMS 0x0000000091900000, 0x0000000091900000| Untracked 
|  98|0x0000000091a00000, 0x0000000091aaaad0, 0x0000000091b00000| 66%| E|  |TAMS 0x0000000091a00000, 0x0000000091a00000| Complete 
|  99|0x0000000091b00000, 0x0000000091c00000, 0x0000000091c00000|100%| E|CS|TAMS 0x0000000091b00000, 0x0000000091b00000| Complete 
| 100|0x0000000091c00000, 0x0000000091d00000, 0x0000000091d00000|100%| E|CS|TAMS 0x0000000091c00000, 0x0000000091c00000| Complete 
| 101|0x0000000091d00000, 0x0000000091e00000, 0x0000000091e00000|100%| E|CS|TAMS 0x0000000091d00000, 0x0000000091d00000| Complete 
| 102|0x0000000091e00000, 0x0000000091f00000, 0x0000000091f00000|100%| E|CS|TAMS 0x0000000091e00000, 0x0000000091e00000| Complete 
| 103|0x0000000091f00000, 0x0000000092000000, 0x0000000092000000|100%| E|CS|TAMS 0x0000000091f00000, 0x0000000091f00000| Complete 
| 104|0x0000000092000000, 0x0000000092100000, 0x0000000092100000|100%| E|CS|TAMS 0x0000000092000000, 0x0000000092000000| Complete 
| 105|0x0000000092100000, 0x0000000092200000, 0x0000000092200000|100%| E|CS|TAMS 0x0000000092100000, 0x0000000092100000| Complete 
| 106|0x0000000092200000, 0x0000000092300000, 0x0000000092300000|100%| E|CS|TAMS 0x0000000092200000, 0x0000000092200000| Complete 
| 107|0x0000000092300000, 0x0000000092400000, 0x0000000092400000|100%| E|CS|TAMS 0x0000000092300000, 0x0000000092300000| Complete 
| 108|0x0000000092400000, 0x00000000924ffba0, 0x0000000092500000| 99%| E|  |TAMS 0x0000000092400000, 0x0000000092400000| Complete 
| 109|0x0000000092500000, 0x0000000092600000, 0x0000000092600000|100%| E|CS|TAMS 0x0000000092500000, 0x0000000092500000| Complete 
| 110|0x0000000092600000, 0x0000000092700000, 0x0000000092700000|100%| E|CS|TAMS 0x0000000092600000, 0x0000000092600000| Complete 
| 111|0x0000000092700000, 0x0000000092800000, 0x0000000092800000|100%| E|CS|TAMS 0x0000000092700000, 0x0000000092700000| Complete 
| 112|0x0000000092800000, 0x0000000092900000, 0x0000000092900000|100%| E|CS|TAMS 0x0000000092800000, 0x0000000092800000| Complete 
| 113|0x0000000092900000, 0x0000000092a00000, 0x0000000092a00000|100%| E|CS|TAMS 0x0000000092900000, 0x0000000092900000| Complete 
| 114|0x0000000092a00000, 0x0000000092b00000, 0x0000000092b00000|100%| E|CS|TAMS 0x0000000092a00000, 0x0000000092a00000| Complete 
| 115|0x0000000092b00000, 0x0000000092c00000, 0x0000000092c00000|100%| E|CS|TAMS 0x0000000092b00000, 0x0000000092b00000| Complete 
| 116|0x0000000092c00000, 0x0000000092d00000, 0x0000000092d00000|100%| E|CS|TAMS 0x0000000092c00000, 0x0000000092c00000| Complete 
| 117|0x0000000092d00000, 0x0000000092e00000, 0x0000000092e00000|100%| E|CS|TAMS 0x0000000092d00000, 0x0000000092d00000| Complete 

Card table byte_map: [0x0000024f5d290000,0x0000024f5d640000] _byte_map_base: 0x0000024f5ce34000

Marking Bits (Prev, Next): (CMBitMap*) 0x0000024f46349510, (CMBitMap*) 0x0000024f46349550
 Prev Bits: [0x0000024f5d9f0000, 0x0000024f5f710000)
 Next Bits: [0x0000024f5f710000, 0x0000024f61430000)

Polling page: 0x0000024f441a0000

Metaspace:

Usage:
  Non-class:      9.97 MB used.
      Class:      1.41 MB used.
       Both:     11.38 MB used.

Virtual space:
  Non-class space:       64.00 MB reserved,      10.19 MB ( 16%) committed,  1 nodes.
      Class space:        1.00 GB reserved,       1.56 MB ( <1%) committed,  1 nodes.
             Both:        1.06 GB reserved,      11.75 MB (  1%) committed. 

Chunk freelists:
   Non-Class:  4.84 MB
       Class:  14.28 MB
        Both:  19.12 MB

MaxMetaspaceSize: unlimited
CompressedClassSpaceSize: 1.00 GB
Initial GC threshold: 21.00 MB
Current GC threshold: 21.00 MB
CDS: on
MetaspaceReclaimPolicy: balanced
 - commit_granule_bytes: 65536.
 - commit_granule_words: 8192.
 - virtual_space_node_default_size: 8388608.
 - enlarge_chunks_in_place: 1.
 - new_chunks_are_fully_committed: 0.
 - uncommit_free_chunks: 1.
 - use_allocation_guard: 0.
 - handle_deallocations: 1.


Internal statistics:

num_allocs_failed_limit: 0.
num_arena_births: 332.
num_arena_deaths: 0.
num_vsnodes_births: 2.
num_vsnodes_deaths: 0.
num_space_committed: 188.
num_space_uncommitted: 0.
num_chunks_returned_to_freelist: 0.
num_chunks_taken_from_freelist: 737.
num_chunk_merges: 0.
num_chunk_splits: 491.
num_chunks_enlarged: 354.
num_inconsistent_stats: 0.

CodeHeap 'non-profiled nmethods': size=120000Kb used=605Kb max_used=605Kb free=119394Kb
 bounds [0x0000024f55680000, 0x0000024f558f0000, 0x0000024f5cbb0000]
CodeHeap 'profiled nmethods': size=120000Kb used=3286Kb max_used=3286Kb free=116713Kb
 bounds [0x0000024f4dbb0000, 0x0000024f4def0000, 0x0000024f550e0000]
CodeHeap 'non-nmethods': size=5760Kb used=1189Kb max_used=1208Kb free=4570Kb
 bounds [0x0000024f550e0000, 0x0000024f55350000, 0x0000024f55680000]
 total_blobs=2224 nmethods=1741 adapters=395
 compilation: enabled
              stopped_count=0, restarted_count=0
 full_count=0

Compilation events (20 events):
Event: 1.588 Thread 0x0000024f63e60b10 1702       3       java.util.Locale$Cache::createObject (6 bytes)
Event: 1.588 Thread 0x0000024f63e60b10 nmethod 1702 0x0000024f4dec5010 code [0x0000024f4dec51a0, 0x0000024f4dec52e8]
Event: 1.588 Thread 0x0000024f63e60b10 1703       3       java.util.Locale$Cache::createObject (41 bytes)
Event: 1.589 Thread 0x0000024f63e60b10 nmethod 1703 0x0000024f4dec5390 code [0x0000024f4dec5580, 0x0000024f4dec5dd8]
Event: 1.589 Thread 0x0000024f63e60b10 1690       3       sun.util.locale.LanguageTag::isExtlang (21 bytes)
Event: 1.589 Thread 0x0000024f63e60b10 nmethod 1690 0x0000024f4dec6010 code [0x0000024f4dec6240, 0x0000024f4dec6bb8]
Event: 1.589 Thread 0x0000024f63e60b10 1714       3       java.util.Locale::equals (75 bytes)
Event: 1.590 Thread 0x0000024f63e60b10 nmethod 1714 0x0000024f4dec6f10 code [0x0000024f4dec7120, 0x0000024f4dec7898]
Event: 1.590 Thread 0x0000024f63e60b10 1713       3       java.util.Locale::hasExtensions (13 bytes)
Event: 1.590 Thread 0x0000024f63e60b10 nmethod 1713 0x0000024f4dec7a10 code [0x0000024f4dec7ba0, 0x0000024f4dec7d18]
Event: 1.590 Thread 0x0000024f63e60b10 1715       3       java.util.Locale::stripExtensions (20 bytes)
Event: 1.590 Thread 0x0000024f63e60b10 nmethod 1715 0x0000024f4dec7d90 code [0x0000024f4dec7f40, 0x0000024f4dec81c8]
Event: 1.590 Thread 0x0000024f63e60b10 1707       3       sun.util.locale.LanguageTag::isLanguage (29 bytes)
Event: 1.591 Thread 0x0000024f63e60b10 nmethod 1707 0x0000024f4dec8290 code [0x0000024f4dec84c0, 0x0000024f4dec8e78]
Event: 1.591 Thread 0x0000024f63e60b10 1691       3       sun.util.locale.LanguageTag::isScript (21 bytes)
Event: 1.591 Thread 0x0000024f63e60b10 nmethod 1691 0x0000024f4dec9190 code [0x0000024f4dec93c0, 0x0000024f4dec9d38]
Event: 1.591 Thread 0x0000024f63e60b10 1704       3       sun.util.locale.LanguageTag::isRegion (36 bytes)
Event: 1.592 Thread 0x0000024f63e60b10 nmethod 1704 0x0000024f4deca090 code [0x0000024f4deca360, 0x0000024f4decb4b8]
Event: 1.592 Thread 0x0000024f63e60b10 1712       3       sun.util.locale.LocaleObjectCache::normalizeKey (2 bytes)
Event: 1.592 Thread 0x0000024f63e60b10 nmethod 1712 0x0000024f4decba10 code [0x0000024f4decbba0, 0x0000024f4decbcb8]

GC Heap History (2 events):
Event: 1.129 GC heap before
{Heap before GC invocations=0 (full 0):
 garbage-first heap   total 120832K, used 22528K [0x000000008b800000, 0x0000000100000000)
  region size 1024K, 23 young (23552K), 0 survivors (0K)
 Metaspace       used 6694K, committed 6912K, reserved 1114112K
  class space    used 841K, committed 960K, reserved 1048576K
}
Event: 1.140 GC heap after
{Heap after GC invocations=1 (full 0):
 garbage-first heap   total 120832K, used 4448K [0x000000008b800000, 0x0000000100000000)
  region size 1024K, 3 young (3072K), 3 survivors (3072K)
 Metaspace       used 6694K, committed 6912K, reserved 1114112K
  class space    used 841K, committed 960K, reserved 1048576K
}

Deoptimization events (20 events):
Event: 1.004 Thread 0x0000024f462f2e60 DEOPT PACKING pc=0x0000024f556dbfac sp=0x0000007d1f2fc460
Event: 1.004 Thread 0x0000024f462f2e60 DEOPT UNPACKING pc=0x0000024f551323a3 sp=0x0000007d1f2fc3e8 mode 2
Event: 1.028 Thread 0x0000024f462f2e60 DEOPT PACKING pc=0x0000024f4dbe0088 sp=0x0000007d1f2fd9c0
Event: 1.028 Thread 0x0000024f462f2e60 DEOPT UNPACKING pc=0x0000024f55132b43 sp=0x0000007d1f2fcec8 mode 0
Event: 1.046 Thread 0x0000024f462f2e60 Uncommon trap: trap_request=0xffffff45 fr.pc=0x0000024f556c4e9c relative=0x00000000000001fc
Event: 1.046 Thread 0x0000024f462f2e60 Uncommon trap: reason=unstable_if action=reinterpret pc=0x0000024f556c4e9c method=java.lang.String.startsWith(Ljava/lang/String;I)Z @ 14 c2
Event: 1.046 Thread 0x0000024f462f2e60 DEOPT PACKING pc=0x0000024f556c4e9c sp=0x0000007d1f2fe4d0
Event: 1.046 Thread 0x0000024f462f2e60 DEOPT UNPACKING pc=0x0000024f551323a3 sp=0x0000007d1f2fe3d8 mode 2
Event: 1.059 Thread 0x0000024f462f2e60 Uncommon trap: trap_request=0xffffff6e fr.pc=0x0000024f556ab804 relative=0x00000000000003e4
Event: 1.059 Thread 0x0000024f462f2e60 Uncommon trap: reason=loop_limit_check action=maybe_recompile pc=0x0000024f556ab804 method=java.lang.StringLatin1.indexOf([BI[BII)I @ 37 c2
Event: 1.059 Thread 0x0000024f462f2e60 DEOPT PACKING pc=0x0000024f556ab804 sp=0x0000007d1f2fe280
Event: 1.059 Thread 0x0000024f462f2e60 DEOPT UNPACKING pc=0x0000024f551323a3 sp=0x0000007d1f2fe1e0 mode 2
Event: 1.059 Thread 0x0000024f462f2e60 Uncommon trap: trap_request=0xffffff45 fr.pc=0x0000024f556a9dac relative=0x000000000000028c
Event: 1.059 Thread 0x0000024f462f2e60 Uncommon trap: reason=unstable_if action=reinterpret pc=0x0000024f556a9dac method=java.lang.String.startsWith(Ljava/lang/String;I)Z @ 14 c2
Event: 1.059 Thread 0x0000024f462f2e60 DEOPT PACKING pc=0x0000024f556a9dac sp=0x0000007d1f2fe440
Event: 1.059 Thread 0x0000024f462f2e60 DEOPT UNPACKING pc=0x0000024f551323a3 sp=0x0000007d1f2fe3b8 mode 2
Event: 1.213 Thread 0x0000024f462f2e60 Uncommon trap: trap_request=0xffffff45 fr.pc=0x0000024f556dfba4 relative=0x0000000000000f84
Event: 1.213 Thread 0x0000024f462f2e60 Uncommon trap: reason=unstable_if action=reinterpret pc=0x0000024f556dfba4 method=java.util.concurrent.ConcurrentHashMap.putVal(Ljava/lang/Object;Ljava/lang/Object;Z)Ljava/lang/Object; @ 148 c2
Event: 1.213 Thread 0x0000024f462f2e60 DEOPT PACKING pc=0x0000024f556dfba4 sp=0x0000007d1f2fd980
Event: 1.213 Thread 0x0000024f462f2e60 DEOPT UNPACKING pc=0x0000024f551323a3 sp=0x0000007d1f2fd900 mode 2

Classes unloaded (0 events):
No events

Classes redefined (0 events):
No events

Internal exceptions (20 events):
Event: 1.109 Thread 0x0000024f462f2e60 Exception <a 'java/lang/NoSuchMethodError'{0x000000009176b130}: 'int java.lang.invoke.DirectMethodHandle$Holder.invokeStaticInit(java.lang.Object, float, float)'> (0x000000009176b130) 
thrown [s\open\src\hotspot\share\interpreter\linkResolver.cpp, line 759]
Event: 1.109 Thread 0x0000024f462f2e60 Exception <a 'java/lang/NoSuchMethodError'{0x0000000091772230}: 'int java.lang.invoke.DirectMethodHandle$Holder.invokeStaticInit(java.lang.Object, double, double)'> (0x0000000091772230) 
thrown [s\open\src\hotspot\share\interpreter\linkResolver.cpp, line 759]
Event: 1.110 Thread 0x0000024f462f2e60 Exception <a 'java/lang/NoSuchMethodError'{0x0000000091776aa8}: 'int java.lang.invoke.DirectMethodHandle$Holder.invokeStatic(java.lang.Object, long)'> (0x0000000091776aa8) 
thrown [s\open\src\hotspot\share\interpreter\linkResolver.cpp, line 759]
Event: 1.113 Thread 0x0000024f462f2e60 Exception <a 'java/lang/NoSuchMethodError'{0x000000009179b318}: 'int java.lang.invoke.Invokers$Holder.linkToTargetMethod(java.lang.Object, java.lang.Object)'> (0x000000009179b318) 
thrown [s\open\src\hotspot\share\interpreter\linkResolver.cpp, line 759]
Event: 1.145 Thread 0x0000024f462f2e60 Exception <a 'java/lang/NoSuchMethodError'{0x0000000092d1bd80}: 'java.lang.Object java.lang.invoke.DirectMethodHandle$Holder.invokeSpecial(java.lang.Object, java.lang.Object, java.lang.Object, int, java.lang.Object)'> (0x0000000092d1bd80) 
thrown [s\open\src\hotspot\share\interpreter\linkResolver.cpp, line 759]
Event: 1.146 Thread 0x0000024f462f2e60 Exception <a 'java/lang/NoSuchMethodError'{0x0000000092d242e8}: 'java.lang.Object java.lang.invoke.DirectMethodHandle$Holder.newInvokeSpecial(java.lang.Object, java.lang.Object, java.lang.Object, int, java.lang.Object)'> (0x0000000092d242e8) 
thrown [s\open\src\hotspot\share\interpreter\linkResolver.cpp, line 759]
Event: 1.146 Thread 0x0000024f462f2e60 Exception <a 'java/lang/NoSuchMethodError'{0x0000000092d2bcb8}: 'java.lang.Object java.lang.invoke.Invokers$Holder.linkToTargetMethod(java.lang.Object, java.lang.Object, int, java.lang.Object, java.lang.Object)'> (0x0000000092d2bcb8) 
thrown [s\open\src\hotspot\share\interpreter\linkResolver.cpp, line 759]
Event: 1.148 Thread 0x0000024f462f2e60 Exception <a 'java/lang/NoSuchMethodError'{0x0000000092d3b300}: 'java.lang.Object java.lang.invoke.DirectMethodHandle$Holder.newInvokeSpecial(java.lang.Object, int, java.lang.Object)'> (0x0000000092d3b300) 
thrown [s\open\src\hotspot\share\interpreter\linkResolver.cpp, line 759]
Event: 1.148 Thread 0x0000024f462f2e60 Exception <a 'java/lang/NoSuchMethodError'{0x0000000092d3fed8}: 'int java.lang.invoke.DirectMethodHandle$Holder.invokeSpecialIFC(java.lang.Object, java.lang.Object, java.lang.Object, java.lang.Object)'> (0x0000000092d3fed8) 
thrown [s\open\src\hotspot\share\interpreter\linkResolver.cpp, line 759]
Event: 1.173 Thread 0x0000024f462f2e60 Exception <a 'java/lang/NoSuchMethodError'{0x0000000092de97e8}: 'void java.lang.invoke.DirectMethodHandle$Holder.invokeInterface(java.lang.Object, java.lang.Object, java.lang.Object)'> (0x0000000092de97e8) 
thrown [s\open\src\hotspot\share\interpreter\linkResolver.cpp, line 759]
Event: 1.199 Thread 0x0000024f462f2e60 Exception <a 'java/lang/NoSuchMethodError'{0x0000000092c638f0}: 'void java.lang.invoke.DirectMethodHandle$Holder.invokeStaticInit(java.lang.Object, java.lang.Object, java.lang.Object)'> (0x0000000092c638f0) 
thrown [s\open\src\hotspot\share\interpreter\linkResolver.cpp, line 759]
Event: 1.220 Thread 0x0000024f462f2e60 Exception <a 'java/lang/NoSuchMethodError'{0x0000000092cec4b0}: 'java.lang.Object java.lang.invoke.DirectMethodHandle$Holder.invokeVirtual(java.lang.Object, java.lang.Object, java.lang.Object)'> (0x0000000092cec4b0) 
thrown [s\open\src\hotspot\share\interpreter\linkResolver.cpp, line 759]
Event: 1.247 Thread 0x0000024f462f2e60 Exception <a 'java/lang/NoSuchMethodError'{0x0000000092b9ca98}: 'java.lang.Object java.lang.invoke.DirectMethodHandle$Holder.newInvokeSpecial(java.lang.Object, long)'> (0x0000000092b9ca98) 
thrown [s\open\src\hotspot\share\interpreter\linkResolver.cpp, line 759]
Event: 1.248 Thread 0x0000024f462f2e60 Exception <a 'java/lang/NoSuchMethodError'{0x0000000092ba43b8}: 'void java.lang.invoke.DirectMethodHandle$Holder.invokeVirtual(java.lang.Object, java.lang.Object, java.lang.Object, java.lang.Object)'> (0x0000000092ba43b8) 
thrown [s\open\src\hotspot\share\interpreter\linkResolver.cpp, line 759]
Event: 1.274 Thread 0x0000024f462f2e60 Exception <a 'java/lang/NoSuchMethodError'{0x0000000092a53440}: 'java.lang.Object java.lang.invoke.DirectMethodHandle$Holder.invokeSpecial(java.lang.Object, java.lang.Object, long, java.lang.Object, java.lang.Object, java.lang.Object, java.lang.Object, java.lang.Object, java.lang.Object)'> (0x0000000092a53440) 
thrown [s\open\src\hotspot\share\interpreter\linkResolver.cpp, line 759]
Event: 1.274 Thread 0x0000024f462f2e60 Exception <a 'java/lang/NoSuchMethodError'{0x0000000092a57cc0}: 'java.lang.Object java.lang.invoke.DelegatingMethodHandle$Holder.reinvoke_L(java.lang.Object, long, java.lang.Object, java.lang.Object, java.lang.Object, java.lang.Object, java.lang.Object, java.lang.Object)'> (0x0000000092a57cc0) 
thrown [s\open\src\hotspot\share\interpreter\linkResolver.cpp, line 759]
Event: 1.370 Thread 0x0000024f462f2e60 Exception <a 'java/lang/NoSuchMethodError'{0x0000000092840e08}: 'java.lang.Object java.lang.invoke.DirectMethodHandle$Holder.invokeSpecial(java.lang.Object, java.lang.Object, java.lang.Object, java.lang.Object, java.lang.Object, java.lang.Object, java.lang.Object, java.lang.Object, java.lang.Object)'> (0x0000000092840e08) 
thrown [s\open\src\hotspot\share\interpreter\linkResolver.cpp, line 759]
Event: 1.370 Thread 0x0000024f462f2e60 Exception <a 'java/lang/NoSuchMethodError'{0x0000000092845730}: 'java.lang.Object java.lang.invoke.Invokers$Holder.invoke_MT(java.lang.Object, java.lang.Object, java.lang.Object, java.lang.Object, java.lang.Object, java.lang.Object, java.lang.Object, java.lang.Object, java.lang.Object)'> (0x0000000092845730) 
thrown [s\open\src\hotspot\share\interpreter\linkResolver.cpp, line 759]
Event: 1.371 Thread 0x0000024f68db3a00 Exception <a 'java/lang/NoClassDefFoundError'{0x0000000092897340}: jakarta/validation/Validation> (0x0000000092897340) 
thrown [s\open\src\hotspot\share\classfile\systemDictionary.cpp, line 245]
Event: 1.398 Thread 0x0000024f462f2e60 Exception <a 'java/lang/IncompatibleClassChangeError'{0x00000000927b5330}: Found class java.lang.Object, but interface was expected> (0x00000000927b5330) 
thrown [s\open\src\hotspot\share\interpreter\linkResolver.cpp, line 826]

VM Operations (16 events):
Event: 0.146 Executing VM operation: HandshakeAllThreads
Event: 0.146 Executing VM operation: HandshakeAllThreads done
Event: 0.279 Executing VM operation: HandshakeAllThreads
Event: 0.279 Executing VM operation: HandshakeAllThreads done
Event: 0.429 Executing VM operation: HandshakeAllThreads
Event: 0.430 Executing VM operation: HandshakeAllThreads done
Event: 0.758 Executing VM operation: HandshakeAllThreads
Event: 0.758 Executing VM operation: HandshakeAllThreads done
Event: 1.100 Executing VM operation: HandshakeAllThreads
Event: 1.100 Executing VM operation: HandshakeAllThreads done
Event: 1.100 Executing VM operation: Cleanup
Event: 1.101 Executing VM operation: Cleanup done
Event: 1.128 Executing VM operation: G1CollectForAllocation
Event: 1.140 Executing VM operation: G1CollectForAllocation done
Event: 1.358 Executing VM operation: HandshakeAllThreads
Event: 1.358 Executing VM operation: HandshakeAllThreads done

Events (20 events):
Event: 1.526 loading class java/io/InvalidObjectException
Event: 1.526 loading class java/io/InvalidObjectException done
Event: 1.528 loading class java/util/concurrent/ConcurrentLinkedQueue
Event: 1.529 loading class java/util/concurrent/ConcurrentLinkedQueue done
Event: 1.529 loading class java/util/concurrent/ConcurrentLinkedQueue$Node
Event: 1.529 loading class java/util/concurrent/ConcurrentLinkedQueue$Node done
Event: 1.531 loading class java/util/concurrent/atomic/AtomicLongArray
Event: 1.531 loading class java/util/concurrent/atomic/AtomicLongArray done
Event: 1.532 loading class java/lang/invoke/VarHandleLongs$Array
Event: 1.532 loading class java/lang/invoke/VarHandleLongs$Array done
Event: 1.532 loading class java/util/concurrent/atomic/AtomicReferenceArray
Event: 1.533 loading class java/util/concurrent/atomic/AtomicReferenceArray done
Event: 1.549 loading class java/lang/Deprecated
Event: 1.550 loading class java/lang/Deprecated done
Event: 1.584 loading class java/util/concurrent/Callable
Event: 1.586 loading class java/util/concurrent/Callable done
Event: 1.589 loading class sun/text/resources/cldr/FormatData_en
Event: 1.589 loading class sun/text/resources/cldr/FormatData_en done
Event: 1.590 loading class sun/text/resources/cldr/FormatData_en_US
Event: 1.590 loading class sun/text/resources/cldr/FormatData_en_US done


Dynamic libraries:
0x00007ff619180000 - 0x00007ff619190000 	C:\Program Files\Java\jdk-17\bin\javaw.exe
0x00007ff860220000 - 0x00007ff860487000 	C:\WINDOWS\SYSTEM32\ntdll.dll
0x00007ff85e040000 - 0x00007ff85e109000 	C:\WINDOWS\System32\KERNEL32.DLL
0x00007ff85d7b0000 - 0x00007ff85db9f000 	C:\WINDOWS\System32\KERNELBASE.dll
0x00007ff85d660000 - 0x00007ff85d7ab000 	C:\WINDOWS\System32\ucrtbase.dll
0x00007ff846ef0000 - 0x00007ff846f09000 	C:\Program Files\Java\jdk-17\bin\jli.dll
0x00007ff8473e0000 - 0x00007ff8473fb000 	C:\Program Files\Java\jdk-17\bin\VCRUNTIME140.dll
0x00007ff85eeb0000 - 0x00007ff85ef64000 	C:\WINDOWS\System32\ADVAPI32.dll
0x00007ff85e3a0000 - 0x00007ff85e449000 	C:\WINDOWS\System32\msvcrt.dll
0x00007ff85e2f0000 - 0x00007ff85e396000 	C:\WINDOWS\System32\sechost.dll
0x00007ff85fd20000 - 0x00007ff85fe38000 	C:\WINDOWS\System32\RPCRT4.dll
0x00007ff85fab0000 - 0x00007ff85fc75000 	C:\WINDOWS\System32\USER32.dll
0x00007ff85dc60000 - 0x00007ff85dc87000 	C:\WINDOWS\System32\win32u.dll
0x00007ff85ef70000 - 0x00007ff85ef9b000 	C:\WINDOWS\System32\GDI32.dll
0x00007ff848b70000 - 0x00007ff848e03000 	C:\WINDOWS\WinSxS\amd64_microsoft.windows.common-controls_6595b64144ccf1df_6.0.26100.7309_none_3e05feeae336a044\COMCTL32.dll
0x00007ff85de00000 - 0x00007ff85df2c000 	C:\WINDOWS\System32\gdi32full.dll
0x00007ff85dbb0000 - 0x00007ff85dc53000 	C:\WINDOWS\System32\msvcp_win.dll
0x00007ff8568f0000 - 0x00007ff8568fb000 	C:\WINDOWS\SYSTEM32\VERSION.dll
0x00007ff85e4d0000 - 0x00007ff85e501000 	C:\WINDOWS\System32\IMM32.DLL
0x00007ff848a10000 - 0x00007ff848a1c000 	C:\Program Files\Java\jdk-17\bin\vcruntime140_1.dll
0x00007ff839f70000 - 0x00007ff839ffe000 	C:\Program Files\Java\jdk-17\bin\msvcp140.dll
0x00007fffae6e0000 - 0x00007fffaf2c0000 	C:\Program Files\Java\jdk-17\bin\server\jvm.dll
0x00007ff85fc80000 - 0x00007ff85fc88000 	C:\WINDOWS\System32\PSAPI.DLL
0x00007ff851ae0000 - 0x00007ff851b15000 	C:\WINDOWS\SYSTEM32\WINMM.dll
0x00007ff84d8e0000 - 0x00007ff84d8ea000 	C:\WINDOWS\SYSTEM32\WSOCK32.dll
0x00007ff85dfc0000 - 0x00007ff85e034000 	C:\WINDOWS\System32\WS2_32.dll
0x00007ff85c120000 - 0x00007ff85c13b000 	C:\WINDOWS\SYSTEM32\kernel.appcore.dll
0x00007ff847fa0000 - 0x00007ff847faa000 	C:\Program Files\Java\jdk-17\bin\jimage.dll
0x00007ff84e890000 - 0x00007ff84ead2000 	C:\WINDOWS\SYSTEM32\DBGHELP.DLL
0x00007ff85eb10000 - 0x00007ff85ee95000 	C:\WINDOWS\System32\combase.dll
0x00007ff85f0e0000 - 0x00007ff85f1b6000 	C:\WINDOWS\System32\OLEAUT32.dll
0x00007ff837f30000 - 0x00007ff837f6c000 	C:\WINDOWS\SYSTEM32\dbgcore.DLL
0x00007ff85d5b0000 - 0x00007ff85d655000 	C:\WINDOWS\System32\bcryptPrimitives.dll
0x00007ff83a3d0000 - 0x00007ff83a3f5000 	C:\Program Files\Java\jdk-17\bin\java.dll
0x00007ff8304f0000 - 0x00007ff8305c7000 	C:\Program Files\Java\jdk-17\bin\jsvml.dll
0x00007ff85f350000 - 0x00007ff85faa3000 	C:\WINDOWS\System32\SHELL32.dll
0x00007ff85dc90000 - 0x00007ff85ddfa000 	C:\WINDOWS\System32\wintypes.dll
0x00007ff85af90000 - 0x00007ff85b7ee000 	C:\WINDOWS\SYSTEM32\windows.storage.dll
0x00007ff85ea10000 - 0x00007ff85eb05000 	C:\WINDOWS\System32\SHCORE.dll
0x00007ff85e510000 - 0x00007ff85e576000 	C:\WINDOWS\System32\shlwapi.dll
0x00007ff85d290000 - 0x00007ff85d2b9000 	C:\WINDOWS\SYSTEM32\profapi.dll
0x00007ff845fc0000 - 0x00007ff845fd9000 	C:\Program Files\Java\jdk-17\bin\net.dll
0x00007ff851680000 - 0x00007ff8517a8000 	C:\WINDOWS\SYSTEM32\WINHTTP.dll
0x00007ff85c690000 - 0x00007ff85c6fb000 	C:\WINDOWS\system32\mswsock.dll
0x00007ff8459e0000 - 0x00007ff8459f6000 	C:\Program Files\Java\jdk-17\bin\nio.dll
0x00007ff83a590000 - 0x00007ff83a5a8000 	C:\Program Files\Java\jdk-17\bin\zip.dll

dbghelp: loaded successfully - version: 4.0.5 - missing functions: none
symbol engine: initialized successfully - sym options: 0x614 - pdb path: .;C:\Program Files\Java\jdk-17\bin;C:\WINDOWS\SYSTEM32;C:\WINDOWS\WinSxS\amd64_microsoft.windows.common-controls_6595b64144ccf1df_6.0.26100.7309_none_3e05feeae336a044;C:\Program Files\Java\jdk-17\bin\server

VM Arguments:
jvm_args: -Dfile.encoding=UTF-8 -Dstdout.encoding=UTF-8 -Dstderr.encoding=UTF-8 -XX:+ShowCodeDetailsInExceptionMessages 
java_command: com.example.Assignment_Spring_Boot.AssignmentSpringBootApplication
java_class_path (initial): D:\Repo\Assignment-Spring-Boot\target\classes;C:\Users\abhis\.m2\repository\org\springframework\boot\spring-boot-starter-web\3.5.9\spring-boot-starter-web-3.5.9.jar;C:\Users\abhis\.m2\repository\org\springframework\boot\spring-boot-starter\3.5.9\spring-boot-starter-3.5.9.jar;C:\Users\abhis\.m2\repository\org\springframework\boot\spring-boot\3.5.9\spring-boot-3.5.9.jar;C:\Users\abhis\.m2\repository\org\springframework\boot\spring-boot-autoconfigure\3.5.9\spring-boot-autoconfigure-3.5.9.jar;C:\Users\abhis\.m2\repository\org\springframework\boot\spring-boot-starter-logging\3.5.9\spring-boot-starter-logging-3.5.9.jar;C:\Users\abhis\.m2\repository\ch\qos\logback\logback-classic\1.5.22\logback-classic-1.5.22.jar;C:\Users\abhis\.m2\repository\ch\qos\logback\logback-core\1.5.22\logback-core-1.5.22.jar;C:\Users\abhis\.m2\repository\org\apache\logging\log4j\log4j-to-slf4j\2.24.3\log4j-to-slf4j-2.24.3.jar;C:\Users\abhis\.m2\repository\org\apache\logging\log4j\log4j-api\2.24.3\log4j-api-2.24.3.jar;C:\Users\abhis\.m2\repository\org\slf4j\jul-to-slf4j\2.0.17\jul-to-slf4j-2.0.17.jar;C:\Users\abhis\.m2\repository\jakarta\annotation\jakarta.annotation-api\2.1.1\jakarta.annotation-api-2.1.1.jar;C:\Users\abhis\.m2\repository\org\yaml\snakeyaml\2.4\snakeyaml-2.4.jar;C:\Users\abhis\.m2\repository\org\springframework\boot\spring-boot-starter-json\3.5.9\spring-boot-starter-json-3.5.9.jar;C:\Users\abhis\.m2\repository\com\fasterxml\jackson\core\jackson-databind\2.19.4\jackson-databind-2.19.4.jar;C:\Users\abhis\.m2\repository\com\fasterxml\jackson\core\jackson-annotations\2.19.4\jackson-annotations-2.19.4.jar;C:\Users\abhis\.m2\repository\com\fasterxml\jackson\core\jackson-core\2.19.4\jackson-core-2.19.4.jar;C:\Users\abhis\.m2\repository\com\fasterxml\jackson\datatype\jackson-datatype-jdk8\2.19.4\jackson-datatype-jdk8-2.19.4.jar;C:\Users\abhis\.m2\repository\com\fasterxml\jackson\datatype\jackson-datatype-jsr310\2.19.4\jackson-datatype-jsr310-2.19.4.jar;C:\Users
Launcher Type: SUN_STANDARD

[Global flags]
     intx CICompilerCount                          = 4                                         {product} {ergonomic}
     uint ConcGCThreads                            = 2                                         {product} {ergonomic}
     uint G1ConcRefinementThreads                  = 8                                         {product} {ergonomic}
   size_t G1HeapRegionSize                         = 1048576                                   {product} {ergonomic}
    uintx GCDrainStackTargetSize                   = 64                                        {product} {ergonomic}
   size_t InitialHeapSize                          = 123731968                                 {product} {ergonomic}
   size_t MarkStackSize                            = 4194304                                   {product} {ergonomic}
   size_t MaxHeapSize                              = 1954545664                                {product} {ergonomic}
   size_t MaxNewSize                               = 1172307968                                {product} {ergonomic}
   size_t MinHeapDeltaBytes                        = 1048576                                   {product} {ergonomic}
   size_t MinHeapSize                              = 8388608                                   {product} {ergonomic}
    uintx NonNMethodCodeHeapSize                   = 5839372                                {pd product} {ergonomic}
    uintx NonProfiledCodeHeapSize                  = 122909434                              {pd product} {ergonomic}
    uintx ProfiledCodeHeapSize                     = 122909434                              {pd product} {ergonomic}
    uintx ReservedCodeCacheSize                    = 251658240                              {pd product} {ergonomic}
     bool SegmentedCodeCache                       = true                                      {product} {ergonomic}
     bool ShowCodeDetailsInExceptionMessages       = true                                   {manageable} {command line}
   size_t SoftMaxHeapSize                          = 1954545664                             {manageable} {ergonomic}
     bool UseCompressedClassPointers               = true                           {product lp64_product} {ergonomic}
     bool UseCompressedOops                        = true                           {product lp64_product} {ergonomic}
     bool UseG1GC                                  = true                                      {product} {ergonomic}
     bool UseLargePagesIndividualAllocation        = false                                  {pd product} {ergonomic}

Logging:
Log output configuration:
 #0: stdout all=warning uptime,level,tags
 #1: stderr all=off uptime,level,tags

Environment Variables:
PATH=C:/Users/abhis/.p2/pool/plugins/org.eclipse.justj.openjdk.hotspot.jre.full.win32.x86_64_21.0.9.v20251105-0741/jre/bin/server;C:/Users/abhis/.p2/pool/plugins/org.eclipse.justj.openjdk.hotspot.jre.full.win32.x86_64_21.0.9.v20251105-0741/jre/bin;C:\Program Files\Common Files\Oracle\Java\javapath;C:\Program Files\Eclipse Adoptium\jdk-25.0.1.8-hotspot\bin;C:\WINDOWS\system32;C:\WINDOWS;C:\WINDOWS\System32\Wbem;C:\WINDOWS\System32\WindowsPowerShell\v1.0\;C:\WINDOWS\System32\OpenSSH\;C:\Program Files\Git\cmd;C:\Program Files\Java\jdk-17\bin;C:\Program Files\MySQL\MySQL Shell 8.0\bin\;C:\Users\abhis\AppData\Local\Microsoft\WindowsApps;C:\Users\abhis\AppData\Local\Programs\Microsoft VS Code\bin;;C:\WINDOWS\System32;
USERNAME=abhis
OS=Windows_NT
PROCESSOR_IDENTIFIER=AMD64 Family 23 Model 160 Stepping 0, AuthenticAMD



---------------  S Y S T E M  ---------------

OS:
 Windows 11 , 64 bit Build 26100 (10.0.26100.7309)
OS uptime: 28 days 1:04 hours

CPU: total 8 (initial active 8) (8 cores per cpu, 2 threads per core) family 23 model 160 stepping 0 microcode 0x8a00006, cx8, cmov, fxsr, ht, mmx, 3dnowpref, sse, sse2, sse3, ssse3, sse4a, sse4.1, sse4.2, popcnt, lzcnt, tsc, tscinvbit, avx, avx2, aes, clmul, bmi1, bmi2, adx, sha, fma, vzeroupper, clflush, clflushopt

Memory: 4k page, system-wide physical 7455M (452M free)
TotalPageFile size 20211M (AvailPageFile size 2M)
current process WorkingSet (physical memory assigned to process): 108M, peak: 108M
current process commit charge ("private bytes"): 243M, peak: 244M

vm_info: Java HotSpot(TM) 64-Bit Server VM (17.0.12+8-LTS-286) for windows-amd64 JRE (17.0.12+8-LTS-286), built on Jun  5 2024 06:46:59 by "mach5one" with MS VC++ 17.6 (VS2022)

END.
